0 info it worked if it ends with ok
1 verbose cli [ '/Users/preslavrachev/.nvm/versions/node/v0.12.9/bin/node',
1 verbose cli   '/Users/preslavrachev/.nvm/versions/node/v0.12.9/bin/npm',
1 verbose cli   'install',
1 verbose cli   '-g',
1 verbose cli   'ionic' ]
2 info using npm@2.14.9
3 info using node@v0.12.9
4 verbose install initial load of /Users/preslavrachev/.nvm/versions/node/v0.12.9/lib/package.json
5 verbose readDependencies loading dependencies from /Users/preslavrachev/.nvm/versions/node/v0.12.9/lib/package.json
6 silly cache add args [ 'ionic', null ]
7 verbose cache add spec ionic
8 silly cache add parsed spec { raw: 'ionic',
8 silly cache add   scope: null,
8 silly cache add   name: 'ionic',
8 silly cache add   rawSpec: '',
8 silly cache add   spec: '*',
8 silly cache add   type: 'range' }
9 silly addNamed ionic@*
10 verbose addNamed "*" is a valid semver range for ionic
11 silly addNameRange { name: 'ionic', range: '*', hasData: false }
12 silly mapToRegistry name ionic
13 silly mapToRegistry using default registry
14 silly mapToRegistry registry https://registry.npmjs.org/
15 silly mapToRegistry uri https://registry.npmjs.org/ionic
16 verbose addNameRange registry:https://registry.npmjs.org/ionic not in flight; fetching
17 verbose request uri https://registry.npmjs.org/ionic
18 verbose request no auth needed
19 info attempt registry request try #1 at 6:43:48 AM
20 verbose request id 010db66e38376d6a
21 verbose etag "9U7HNWGHT4VIUIL8TGWNTG646"
22 http request GET https://registry.npmjs.org/ionic
23 http 200 https://registry.npmjs.org/ionic
24 verbose headers { server: 'nginx/1.10.1',
24 verbose headers   'content-type': 'application/json',
24 verbose headers   'last-modified': 'Wed, 30 Nov 2016 06:31:58 GMT',
24 verbose headers   etag: 'W/"583e725e-c6240"',
24 verbose headers   'content-encoding': 'gzip',
24 verbose headers   'cache-control': 'max-age=300',
24 verbose headers   'content-length': '45275',
24 verbose headers   'accept-ranges': 'bytes',
24 verbose headers   date: 'Thu, 01 Dec 2016 05:43:48 GMT',
24 verbose headers   via: '1.1 varnish',
24 verbose headers   age: '0',
24 verbose headers   connection: 'keep-alive',
24 verbose headers   'x-served-by': 'cache-fra1225-FRA',
24 verbose headers   'x-cache': 'HIT',
24 verbose headers   'x-cache-hits': '1',
24 verbose headers   'x-timer': 'S1480571028.500140,VS0,VE1',
24 verbose headers   vary: 'Accept-Encoding' }
25 silly get cb [ 200,
25 silly get   { server: 'nginx/1.10.1',
25 silly get     'content-type': 'application/json',
25 silly get     'last-modified': 'Wed, 30 Nov 2016 06:31:58 GMT',
25 silly get     etag: 'W/"583e725e-c6240"',
25 silly get     'content-encoding': 'gzip',
25 silly get     'cache-control': 'max-age=300',
25 silly get     'content-length': '45275',
25 silly get     'accept-ranges': 'bytes',
25 silly get     date: 'Thu, 01 Dec 2016 05:43:48 GMT',
25 silly get     via: '1.1 varnish',
25 silly get     age: '0',
25 silly get     connection: 'keep-alive',
25 silly get     'x-served-by': 'cache-fra1225-FRA',
25 silly get     'x-cache': 'HIT',
25 silly get     'x-cache-hits': '1',
25 silly get     'x-timer': 'S1480571028.500140,VS0,VE1',
25 silly get     vary: 'Accept-Encoding' } ]
26 verbose get saving ionic to /Users/preslavrachev/.npm/registry.npmjs.org/ionic/.cache.json
27 silly addNameRange number 2 { name: 'ionic', range: '*', hasData: true }
28 silly addNameRange versions [ 'ionic',
28 silly addNameRange   [ '0.9.6',
28 silly addNameRange     '0.9.8',
28 silly addNameRange     '0.9.9',
28 silly addNameRange     '0.9.10',
28 silly addNameRange     '0.9.11',
28 silly addNameRange     '0.9.12',
28 silly addNameRange     '0.9.13',
28 silly addNameRange     '0.9.14',
28 silly addNameRange     '0.9.15',
28 silly addNameRange     '0.9.16',
28 silly addNameRange     '1.0.0-beta.1',
28 silly addNameRange     '1.0.0-beta',
28 silly addNameRange     '1.0.1-beta',
28 silly addNameRange     '1.0.3-beta',
28 silly addNameRange     '1.0.4',
28 silly addNameRange     '1.0.5',
28 silly addNameRange     '1.0.6',
28 silly addNameRange     '1.0.7',
28 silly addNameRange     '1.0.8',
28 silly addNameRange     '1.0.9',
28 silly addNameRange     '1.0.10',
28 silly addNameRange     '1.0.11',
28 silly addNameRange     '1.0.12',
28 silly addNameRange     '1.0.13',
28 silly addNameRange     '1.0.14',
28 silly addNameRange     '1.0.15',
28 silly addNameRange     '1.0.16',
28 silly addNameRange     '1.0.17',
28 silly addNameRange     '1.1.0-beta1',
28 silly addNameRange     '1.1.0-beta2',
28 silly addNameRange     '1.1.0-beta3',
28 silly addNameRange     '1.1.0-beta4',
28 silly addNameRange     '1.1.0-beta5',
28 silly addNameRange     '1.1.0-beta6',
28 silly addNameRange     '1.1.0',
28 silly addNameRange     '1.1.1-beta1',
28 silly addNameRange     '1.1.1-beta2',
28 silly addNameRange     '1.1.1-beta3',
28 silly addNameRange     '1.1.1',
28 silly addNameRange     '1.1.3',
28 silly addNameRange     '1.1.4',
28 silly addNameRange     '1.1.5-beta1',
28 silly addNameRange     '1.1.5-beta2',
28 silly addNameRange     '1.1.5-beta3',
28 silly addNameRange     '1.1.5-beta4',
28 silly addNameRange     '1.1.5-beta5',
28 silly addNameRange     '1.1.5',
28 silly addNameRange     '1.1.6',
28 silly addNameRange     '1.1.7-beta1',
28 silly addNameRange     '1.1.7',
28 silly addNameRange     '1.1.8-beta1',
28 silly addNameRange     '1.1.8-beta2',
28 silly addNameRange     '1.1.8-beta3',
28 silly addNameRange     '1.1.8-beta4',
28 silly addNameRange     '1.1.8-beta5',
28 silly addNameRange     '1.1.8',
28 silly addNameRange     '1.1.9-beta1',
28 silly addNameRange     '1.1.9',
28 silly addNameRange     '1.1.10',
28 silly addNameRange     '1.1.11-beta1',
28 silly addNameRange     '1.1.11-beta2',
28 silly addNameRange     '1.1.11',
28 silly addNameRange     '1.1.12-beta1',
28 silly addNameRange     '1.1.12-beta2',
28 silly addNameRange     '1.1.12-beta3',
28 silly addNameRange     '1.1.12',
28 silly addNameRange     '1.1.13',
28 silly addNameRange     '1.1.14-beta1',
28 silly addNameRange     '1.1.14-beta2',
28 silly addNameRange     '1.1.14-beta3',
28 silly addNameRange     '1.2.0-beta1',
28 silly addNameRange     '1.2.0',
28 silly addNameRange     '1.2.1-beta1',
28 silly addNameRange     '1.2.1-beta2',
28 silly addNameRange     '1.2.1-beta3',
28 silly addNameRange     '1.2.1-beta4',
28 silly addNameRange     '1.2.1',
28 silly addNameRange     '1.2.2',
28 silly addNameRange     '1.2.3-beta1',
28 silly addNameRange     '1.2.3-beta2',
28 silly addNameRange     '1.2.3-beta3',
28 silly addNameRange     '1.2.3',
28 silly addNameRange     '1.2.4-beta1',
28 silly addNameRange     '1.2.4-beta2',
28 silly addNameRange     '1.2.4-beta3',
28 silly addNameRange     '1.2.4',
28 silly addNameRange     '1.2.5-beta1',
28 silly addNameRange     '1.2.5-beta2',
28 silly addNameRange     '1.2.5-beta3',
28 silly addNameRange     '1.2.5',
28 silly addNameRange     '1.2.6-beta1',
28 silly addNameRange     '1.2.6-beta2',
28 silly addNameRange     '1.2.6-beta3',
28 silly addNameRange     '1.2.6',
28 silly addNameRange     '1.2.7',
28 silly addNameRange     '1.2.8-beta1',
28 silly addNameRange     '1.2.8-beta2',
28 silly addNameRange     '1.2.8',
28 silly addNameRange     '1.2.9',
28 silly addNameRange     '1.2.10',
28 silly addNameRange     '1.2.11',
28 silly addNameRange     '1.2.12',
28 silly addNameRange     '1.2.13',
28 silly addNameRange     '1.2.14-beta1',
28 silly addNameRange     '1.2.14-beta2',
28 silly addNameRange     '1.2.14-beta3',
28 silly addNameRange     '1.2.14-beta4',
28 silly addNameRange     '1.2.14-beta5',
28 silly addNameRange     '1.2.14-beta6',
28 silly addNameRange     '1.2.14',
28 silly addNameRange     '1.3.0-beta1',
28 silly addNameRange     '1.3.0',
28 silly addNameRange     '1.3.1',
28 silly addNameRange     '1.3.2',
28 silly addNameRange     '1.3.3',
28 silly addNameRange     '1.3.4',
28 silly addNameRange     '1.3.5',
28 silly addNameRange     '1.3.6',
28 silly addNameRange     '1.3.7',
28 silly addNameRange     '1.3.8',
28 silly addNameRange     '1.3.9',
28 silly addNameRange     '1.3.10',
28 silly addNameRange     '1.4.0-alpha.1',
28 silly addNameRange     '1.3.11',
28 silly addNameRange     '1.3.1-1.alpha.0',
28 silly addNameRange     '1.4.0-alpha.2',
28 silly addNameRange     '1.3.12',
28 silly addNameRange     '1.3.12-beta.1',
28 silly addNameRange     '1.3.12-beta.2',
28 silly addNameRange     '1.3.13-beta.0',
28 silly addNameRange     '1.3.1-3.beta.1',
28 silly addNameRange     '1.3.1-3.beta.2',
28 silly addNameRange     '1.3.13',
28 silly addNameRange     '1.3.1-3.beta.4',
28 silly addNameRange     '1.3.14-beta',
28 silly addNameRange     '1.3.14-beta.1',
28 silly addNameRange     '1.4.0-alpha.3',
28 silly addNameRange     '1.3.14',
28 silly addNameRange     '1.4.0-alpha.4',
28 silly addNameRange     '1.4.0-alpha.5',
28 silly addNameRange     '1.3.15-beta.0',
28 silly addNameRange     '1.3.15-beta.1',
28 silly addNameRange     '1.3.15-beta.2',
28 silly addNameRange     '1.3.15-beta.3',
28 silly addNameRange     '1.3.15-beta.4',
28 silly addNameRange     '1.3.15',
28 silly addNameRange     '1.3.16',
28 silly addNameRange     '1.4.0-alpha.6',
28 silly addNameRange     '1.3.17-beta.0',
28 silly addNameRange     '1.3.17-beta.1',
28 silly addNameRange     '1.3.17-beta.2',
28 silly addNameRange     '1.3.17-beta.3',
28 silly addNameRange     '1.3.1-7.beta.4',
28 silly addNameRange     '1.3.17',
28 silly addNameRange     '1.3.18-beta.0',
28 silly addNameRange     '1.3.18-beta.1',
28 silly addNameRange     '1.3.18-beta.2',
28 silly addNameRange     '1.3.18-beta.3',
28 silly addNameRange     '1.3.18',
28 silly addNameRange     '1.3.19-beta.0',
28 silly addNameRange     '1.3.19-beta.1',
28 silly addNameRange     '1.3.19-beta.2',
28 silly addNameRange     '1.3.19-beta.3',
28 silly addNameRange     '1.3.19-beta.4',
28 silly addNameRange     '1.3.19',
28 silly addNameRange     '1.3.20',
28 silly addNameRange     '1.4.1-beta.0',
28 silly addNameRange     '1.4.0-beta.1',
28 silly addNameRange     '1.4.0-beta.2',
28 silly addNameRange     '1.4.0-beta.3',
28 silly addNameRange     '1.4.0-beta.5',
28 silly addNameRange     '1.4.0-beta.6',
28 silly addNameRange     '1.4.0-beta.7',
28 silly addNameRange     '1.3.21-beta.0',
28 silly addNameRange     '1.3.21-beta.1',
28 silly addNameRange     '1.3.21',
28 silly addNameRange     '1.3.22',
28 silly addNameRange     '1.4.0-beta.8',
28 silly addNameRange     '1.4.0-beta.9',
28 silly addNameRange     '1.4.0-beta.10',
28 silly addNameRange     '1.4.0-beta.11',
28 silly addNameRange     '1.4.0-beta.12',
28 silly addNameRange     '1.4.0-beta.13',
28 silly addNameRange     '1.4.0-beta.14',
28 silly addNameRange     '1.4.0-beta.15',
28 silly addNameRange     '1.4.0-beta.16',
28 silly addNameRange     '1.4.0-beta.17',
28 silly addNameRange     '1.4.0-beta.18',
28 silly addNameRange     '1.4.0',
28 silly addNameRange     '1.4.1',
28 silly addNameRange     '1.4.2',
28 silly addNameRange     '1.4.3',
28 silly addNameRange     '1.4.4-beta.0',
28 silly addNameRange     '1.4.4-beta.2',
28 silly addNameRange     '1.4.4',
28 silly addNameRange     '1.4.5-beta.0',
28 silly addNameRange     '1.4.5-beta.1',
28 silly addNameRange     '1.4.5-beta.2',
28 silly addNameRange     '1.4.5-beta.3',
28 silly addNameRange     '1.4.5',
28 silly addNameRange     '1.4.6-beta.0',
28 silly addNameRange     '1.4.6',
28 silly addNameRange     '1.4.7',
28 silly addNameRange     '1.4.8',
28 silly addNameRange     '1.5.0-beta.0',
28 silly addNameRange     '1.5.0-beta.1',
28 silly addNameRange     '1.5.0',
28 silly addNameRange     '1.5.1-beta.0',
28 silly addNameRange     '1.5.1-beta.1',
28 silly addNameRange     '1.5.1-beta.2',
28 silly addNameRange     '1.5.1-beta.3',
28 silly addNameRange     '1.5.1-beta.4',
28 silly addNameRange     '1.5.1',
28 silly addNameRange     '1.5.2',
28 silly addNameRange     '1.5.3',
28 silly addNameRange     '1.5.4',
28 silly addNameRange     '1.5.5',
28 silly addNameRange     '1.6.0-beta.1',
28 silly addNameRange     '1.6.0',
28 silly addNameRange     '1.6.1',
28 silly addNameRange     '1.6.2-beta.0',
28 silly addNameRange     '1.6.2-beta.1',
28 silly addNameRange     '1.6.2-beta.2',
28 silly addNameRange     '1.6.2',
28 silly addNameRange     '1.6.3-beta.0',
28 silly addNameRange     '1.6.3-beta.1',
28 silly addNameRange     '1.6.3',
28 silly addNameRange     '1.6.4-beta.0',
28 silly addNameRange     '1.6.4-beta.1',
28 silly addNameRange     '1.6.4',
28 silly addNameRange     '1.7.0-beta.0',
28 silly addNameRange     '1.7.0-beta.1',
28 silly addNameRange     '1.7.0-beta.2',
28 silly addNameRange     '1.7.0-beta.3',
28 silly addNameRange     '2.0.0-alpha.1',
28 silly addNameRange     '2.0.0-alpha.3',
28 silly addNameRange     '1.7.0-beta.4',
28 silly addNameRange     '1.6.5-testing.0',
28 silly addNameRange     '1.6.5-testing.1',
28 silly addNameRange     '1.6.5-testing.2',
28 silly addNameRange     '1.6.5-testing.3',
28 silly addNameRange     '1.6.5',
28 silly addNameRange     '2.0.0-alpha.4',
28 silly addNameRange     '1.7.0-beta.5',
28 silly addNameRange     '1.7.0-beta.6',
28 silly addNameRange     '1.7.0',
28 silly addNameRange     '2.0.0-alpha.5',
28 silly addNameRange     '2.0.0-alpha.6',
28 silly addNameRange     '1.7.1',
28 silly addNameRange     '2.0.0-alpha.7',
28 silly addNameRange     '2.0.0-alpha.8',
28 silly addNameRange     '1.7.2',
28 silly addNameRange     '1.7.3',
28 silly addNameRange     '1.7.4',
28 silly addNameRange     '1.7.5',
28 silly addNameRange     '1.7.6',
28 silly addNameRange     '1.7.7-beta.0',
28 silly addNameRange     '2.0.0-alpha.9',
28 silly addNameRange     '1.7.7',
28 silly addNameRange     '2.0.0-alpha.10',
28 silly addNameRange     '2.0.0-alpha.11',
28 silly addNameRange     '2.0.0-alpha.12',
28 silly addNameRange     '2.0.0-alpha.13',
28 silly addNameRange     '2.0.0-alpha.14',
28 silly addNameRange     '2.0.0-alpha.15',
28 silly addNameRange     '2.0.0-alpha.16',
28 silly addNameRange     '2.0.0-alpha.17',
28 silly addNameRange     '2.0.0-alpha.18',
28 silly addNameRange     '1.7.8-beta.0',
28 silly addNameRange     '1.7.8-beta.1',
28 silly addNameRange     '1.7.8-beta.2',
28 silly addNameRange     '1.7.8-beta.3',
28 silly addNameRange     '1.7.8',
28 silly addNameRange     '2.0.0-alpha.19',
28 silly addNameRange     '2.0.0-alpha.20',
28 silly addNameRange     '2.0.0-alpha.21',
28 silly addNameRange     '2.0.0-alpha.22',
28 silly addNameRange     '2.0.0-alpha.23',
28 silly addNameRange     '1.7.9',
28 silly addNameRange     '1.7.10',
28 silly addNameRange     '2.0.0-alpha.24',
28 silly addNameRange     '2.0.0-alpha.25',
28 silly addNameRange     '2.0.0-beta.1',
28 silly addNameRange     '1.7.11',
28 silly addNameRange     '2.0.0-beta.2',
28 silly addNameRange     '2.0.0-beta.3',
28 silly addNameRange     '2.0.0-beta.4',
28 silly addNameRange     '2.0.0-beta.5',
28 silly addNameRange     '2.0.0-beta.6',
28 silly addNameRange     '2.0.0-beta.7',
28 silly addNameRange     '2.0.0-beta.8',
28 silly addNameRange     '2.0.0-beta.9',
28 silly addNameRange     '2.0.0-beta.10',
28 silly addNameRange     '2.0.0-beta.11',
28 silly addNameRange     '1.7.12',
28 silly addNameRange     '2.0.0-beta.12',
28 silly addNameRange     '2.0.0-beta.13',
28 silly addNameRange     '2.0.0-beta.14',
28 silly addNameRange     '2.0.0-beta.15',
28 silly addNameRange     '2.0.0-beta.16',
28 silly addNameRange     '2.0.0-beta.17',
28 silly addNameRange     '1.7.13',
28 silly addNameRange     '1.7.14',
28 silly addNameRange     '2.0.0-beta.18',
28 silly addNameRange     '2.0.0-beta.19',
28 silly addNameRange     '2.0.0-beta.20',
28 silly addNameRange     '2.0.0-beta.21',
28 silly addNameRange     '2.0.0-beta.22',
28 silly addNameRange     '2.0.0-beta.23',
28 silly addNameRange     '2.0.0-beta.24',
28 silly addNameRange     '2.0.0-beta.25',
28 silly addNameRange     '1.7.15-beta.0',
28 silly addNameRange     '1.7.15-beta.1',
28 silly addNameRange     '1.7.15-beta.2',
28 silly addNameRange     '1.7.15-beta.3',
28 silly addNameRange     '1.7.15',
28 silly addNameRange     '2.0.0-beta.26',
28 silly addNameRange     '2.0.0-beta.27',
28 silly addNameRange     '2.0.0-beta.28',
28 silly addNameRange     '2.0.0-beta.29',
28 silly addNameRange     '2.0.0-beta.30',
28 silly addNameRange     '2.0.0-beta.31',
28 silly addNameRange     '1.7.16',
28 silly addNameRange     '2.0.0-beta.32',
28 silly addNameRange     '2.0.0-beta.33',
28 silly addNameRange     '2.0.0-beta.34',
28 silly addNameRange     '2.0.0-beta.35',
28 silly addNameRange     '2.0.0-beta.36',
28 silly addNameRange     '2.0.0-beta.37',
28 silly addNameRange     '2.0.0',
28 silly addNameRange     '2.1.0-beta.0',
28 silly addNameRange     '2.1.0-beta.1',
28 silly addNameRange     '2.1.0-beta.2',
28 silly addNameRange     '2.1.0-beta.3',
28 silly addNameRange     '2.1.0',
28 silly addNameRange     '2.1.1',
28 silly addNameRange     '2.1.2',
28 silly addNameRange     '2.1.3',
28 silly addNameRange     '2.1.4',
28 silly addNameRange     '2.1.5',
28 silly addNameRange     '2.1.6',
28 silly addNameRange     '2.1.7',
28 silly addNameRange     '2.1.8',
28 silly addNameRange     '2.1.9',
28 silly addNameRange     '2.1.10',
28 silly addNameRange     '2.1.11',
28 silly addNameRange     '2.1.12',
28 silly addNameRange     '2.1.13',
28 silly addNameRange     '2.1.14' ] ]
29 silly addNamed ionic@2.1.13
30 verbose addNamed "2.1.13" is a plain semver version for ionic
31 silly mapToRegistry name ionic
32 silly mapToRegistry using default registry
33 silly mapToRegistry registry https://registry.npmjs.org/
34 silly mapToRegistry uri https://registry.npmjs.org/ionic
35 verbose addRemoteTarball https://registry.npmjs.org/ionic/-/ionic-2.1.13.tgz not in flight; adding
36 verbose addRemoteTarball [ 'https://registry.npmjs.org/ionic/-/ionic-2.1.13.tgz',
36 verbose addRemoteTarball   '35116b2ca8a10fefea4679d1b04f2b84807cba94' ]
37 info retry fetch attempt 1 at 6:43:48 AM
38 info attempt registry request try #1 at 6:43:48 AM
39 http fetch GET https://registry.npmjs.org/ionic/-/ionic-2.1.13.tgz
40 http fetch 200 https://registry.npmjs.org/ionic/-/ionic-2.1.13.tgz
41 silly fetchAndShaCheck shasum 35116b2ca8a10fefea4679d1b04f2b84807cba94
42 verbose addTmpTarball /var/folders/30/jvwcs0b10mq_kfpm6s18yc4m0000gn/T/npm-15985-ace58dc9/registry.npmjs.org/ionic/-/ionic-2.1.13.tgz not in flight; adding
43 verbose addTmpTarball already have metadata; skipping unpack for ionic@2.1.13
44 silly cache afterAdd ionic@2.1.13
45 verbose afterAdd /Users/preslavrachev/.npm/ionic/2.1.13/package/package.json not in flight; writing
46 verbose afterAdd /Users/preslavrachev/.npm/ionic/2.1.13/package/package.json written
47 silly install resolved [ { name: 'ionic',
47 silly install resolved     version: '2.1.13',
47 silly install resolved     preferGlobal: true,
47 silly install resolved     description: 'A tool for creating and developing Ionic Framework mobile apps.',
47 silly install resolved     homepage: 'http://ionicframework.com/',
47 silly install resolved     bin: { ionic: 'bin/ionic' },
47 silly install resolved     scripts:
47 silly install resolved      { changelog: 'conventional-changelog -i CHANGELOG.md -s -p angular',
47 silly install resolved        'gh-release': 'node scripts/release',
47 silly install resolved        coveralls: 'istanbul cover node_modules/jasmine-node/bin/jasmine-node --captureExceptions spec/ && cat coverage/lcov.info | node_modules/coveralls/bin/coveralls.js && rm -rf coverage',
47 silly install resolved        e2e: 'jasmine-node --captureExceptions ./e2e',
47 silly install resolved        jasmine: 'jasmine-node --captureExceptions  ./spec',
47 silly install resolved        lint: 'eslint .',
47 silly install resolved        test: 'istanbul cover node_modules/jasmine-node/bin/jasmine-node --captureExceptions spec/' },
47 silly install resolved     keywords:
47 silly install resolved      [ 'ionic',
47 silly install resolved        'ionic framework',
47 silly install resolved        'ionicframework',
47 silly install resolved        'mobile',
47 silly install resolved        'app',
47 silly install resolved        'hybrid',
47 silly install resolved        'cordova',
47 silly install resolved        'native',
47 silly install resolved        'phonegap' ],
47 silly install resolved     repository:
47 silly install resolved      { type: 'git',
47 silly install resolved        url: 'git+https://github.com/driftyco/ionic-cli.git' },
47 silly install resolved     contributors: [ [Object], [Object], [Object], [Object], [Object], [Object] ],
47 silly install resolved     license: 'MIT',
47 silly install resolved     dependencies:
47 silly install resolved      { '@ionic/app-generators': '0.0.3',
47 silly install resolved        chalk: '^1.1.3',
47 silly install resolved        'cli-table': '0.3.1',
47 silly install resolved        'cross-spawn-async': '2.1.9',
47 silly install resolved        'expand-tilde': '1.2.0',
47 silly install resolved        'form-data': '0.1.4',
47 silly install resolved        gulp: '3.8.8',
47 silly install resolved        'gulp-util': '3.0.7',
47 silly install resolved        inquirer: '0.11.2',
47 silly install resolved        'ionic-app-lib': '2.1.7',
47 silly install resolved        moment: '2.11.1',
47 silly install resolved        open: '0.0.5',
47 silly install resolved        optimist: '0.6.0',
47 silly install resolved        'pretty-hrtime': '1.0.2',
47 silly install resolved        progress: '1.1.7',
47 silly install resolved        prompt: '0.2.12',
47 silly install resolved        q: '1.0.1',
47 silly install resolved        request: '2.74.0',
47 silly install resolved        semver: '4.3.6',
47 silly install resolved        'serve-static': '1.7.1',
47 silly install resolved        shelljs: '0.2.6',
47 silly install resolved        underscore: '1.7.0',
47 silly install resolved        unzip: '0.1.9' },
47 silly install resolved     devDependencies:
47 silly install resolved      { 'conventional-changelog-cli': '1.1.1',
47 silly install resolved        coveralls: '^2.2.0',
47 silly install resolved        eslint: '^3.8.1',
47 silly install resolved        'eslint-plugin-no-use-extend-native': '^0.3.11',
47 silly install resolved        github: '0.2.4',
47 silly install resolved        istanbul: '^0.4.4',
47 silly install resolved        'jasmine-node': '1.14.5',
47 silly install resolved        'mock-require': '1.3.0',
47 silly install resolved        rewire: '2.5.1' },
47 silly install resolved     gitHead: '57e4ad49040d6984217e085f3df1628e17f15633',
47 silly install resolved     bugs: { url: 'https://github.com/driftyco/ionic-cli/issues' },
47 silly install resolved     bundleDependencies:
47 silly install resolved      [ 'cli-table',
47 silly install resolved        'chalk',
47 silly install resolved        'cross-spawn-async',
47 silly install resolved        'expand-tilde',
47 silly install resolved        'form-data',
47 silly install resolved        'gulp',
47 silly install resolved        'gulp-util',
47 silly install resolved        'inquirer',
47 silly install resolved        'ionic-app-lib',
47 silly install resolved        'moment',
47 silly install resolved        'open',
47 silly install resolved        'optimist',
47 silly install resolved        'pretty-hrtime',
47 silly install resolved        'progress',
47 silly install resolved        'prompt',
47 silly install resolved        'q',
47 silly install resolved        'request',
47 silly install resolved        'semver',
47 silly install resolved        'serve-static',
47 silly install resolved        'shelljs',
47 silly install resolved        'underscore',
47 silly install resolved        'unzip' ],
47 silly install resolved     _id: 'ionic@2.1.13',
47 silly install resolved     _shasum: '35116b2ca8a10fefea4679d1b04f2b84807cba94',
47 silly install resolved     _from: 'ionic@*',
47 silly install resolved     _npmVersion: '2.15.11',
47 silly install resolved     _nodeVersion: '5.11.1',
47 silly install resolved     _npmUser: { name: 'tlancina', email: 'tim@ionic.io' },
47 silly install resolved     dist:
47 silly install resolved      { shasum: '35116b2ca8a10fefea4679d1b04f2b84807cba94',
47 silly install resolved        tarball: 'https://registry.npmjs.org/ionic/-/ionic-2.1.13.tgz' },
47 silly install resolved     maintainers:
47 silly install resolved      [ [Object],
47 silly install resolved        [Object],
47 silly install resolved        [Object],
47 silly install resolved        [Object],
47 silly install resolved        [Object],
47 silly install resolved        [Object],
47 silly install resolved        [Object] ],
47 silly install resolved     _npmOperationalInternal:
47 silly install resolved      { host: 'packages-18-east.internal.npmjs.com',
47 silly install resolved        tmp: 'tmp/ionic-2.1.13.tgz_1479937966677_0.22325047035701573' },
47 silly install resolved     directories: {},
47 silly install resolved     _resolved: 'https://registry.npmjs.org/ionic/-/ionic-2.1.13.tgz' } ]
48 info install ionic@2.1.13 into /Users/preslavrachev/.nvm/versions/node/v0.12.9/lib
49 info installOne ionic@2.1.13
50 verbose installOne of ionic to /Users/preslavrachev/.nvm/versions/node/v0.12.9/lib not in flight; installing
51 verbose lock using /Users/preslavrachev/.npm/_locks/ionic-afba61ff4843b55c.lock for /Users/preslavrachev/.nvm/versions/node/v0.12.9/lib/node_modules/ionic
52 silly install write writing ionic 2.1.13 to /Users/preslavrachev/.nvm/versions/node/v0.12.9/lib/node_modules/ionic
53 verbose unbuild lib/node_modules/ionic
54 info preuninstall ionic@1.7.14
55 info uninstall ionic@1.7.14
56 verbose unbuild rmStuff ionic@1.7.14 from /Users/preslavrachev/.nvm/versions/node/v0.12.9/lib/node_modules
57 silly gentlyRm /Users/preslavrachev/.nvm/versions/node/v0.12.9/bin/ionic is being gently removed
58 silly gentlyRm verifying /Users/preslavrachev/.nvm/versions/node/v0.12.9 is an npm working directory
59 silly gentlyRm containing path /Users/preslavrachev/.nvm/versions/node/v0.12.9 is under npm's control, in /Users/preslavrachev/.nvm/versions/node/v0.12.9
60 silly gentlyRm deletion target /Users/preslavrachev/.nvm/versions/node/v0.12.9/bin/ionic is under /Users/preslavrachev/.nvm/versions/node/v0.12.9
61 verbose gentlyRm vacuuming from /Users/preslavrachev/.nvm/versions/node/v0.12.9/bin/ionic up to /Users/preslavrachev/.nvm/versions/node/v0.12.9
62 silly vacuum-fs removing /Users/preslavrachev/.nvm/versions/node/v0.12.9/bin/ionic
63 silly vacuum-fs quitting because other entries in /Users/preslavrachev/.nvm/versions/node/v0.12.9/bin
64 info postuninstall ionic@1.7.14
65 silly gentlyRm /Users/preslavrachev/.nvm/versions/node/v0.12.9/lib/node_modules/ionic is being purged from base /Users/preslavrachev/.nvm/versions/node/v0.12.9
66 verbose gentlyRm don't care about contents; nuking /Users/preslavrachev/.nvm/versions/node/v0.12.9/lib/node_modules/ionic
67 silly vacuum-fs purging /Users/preslavrachev/.nvm/versions/node/v0.12.9/lib/node_modules/ionic
68 verbose unlock done using /Users/preslavrachev/.npm/_locks/ionic-afba61ff4843b55c.lock for /Users/preslavrachev/.nvm/versions/node/v0.12.9/lib/node_modules/ionic
69 verbose stack Error: EACCES, unlink '/Users/preslavrachev/.nvm/versions/node/v0.12.9/lib/node_modules/ionic/.gitattributes'
69 verbose stack     at Error (native)
70 verbose cwd /Users/preslavrachev/code/twitter-algorithmic-timeline/src/main/mobile-app/ionic2
71 error Darwin 15.4.0
72 error argv "/Users/preslavrachev/.nvm/versions/node/v0.12.9/bin/node" "/Users/preslavrachev/.nvm/versions/node/v0.12.9/bin/npm" "install" "-g" "ionic"
73 error node v0.12.9
74 error npm  v2.14.9
75 error path /Users/preslavrachev/.nvm/versions/node/v0.12.9/lib/node_modules/ionic/.gitattributes
76 error code EACCES
77 error errno -13
78 error Error: EACCES, unlink '/Users/preslavrachev/.nvm/versions/node/v0.12.9/lib/node_modules/ionic/.gitattributes'
78 error     at Error (native)
78 error  { [Error: EACCES, unlink '/Users/preslavrachev/.nvm/versions/node/v0.12.9/lib/node_modules/ionic/.gitattributes']
78 error   errno: -13,
78 error   code: 'EACCES',
78 error   path: '/Users/preslavrachev/.nvm/versions/node/v0.12.9/lib/node_modules/ionic/.gitattributes' }
79 error Please try running this command again as root/Administrator.
80 verbose exit [ -13, true ]
81 verbose unbuild lib/node_modules/ionic
82 info preuninstall ionic@1.7.14
83 info uninstall ionic@1.7.14
84 verbose unbuild rmStuff ionic@1.7.14 from /Users/preslavrachev/.nvm/versions/node/v0.12.9/lib/node_modules
85 silly gentlyRm /Users/preslavrachev/.nvm/versions/node/v0.12.9/bin/ionic is being gently removed
86 silly gentlyRm verifying /Users/preslavrachev/.nvm/versions/node/v0.12.9 is an npm working directory
87 silly gentlyRm containing path /Users/preslavrachev/.nvm/versions/node/v0.12.9 is under npm's control, in /Users/preslavrachev/.nvm/versions/node/v0.12.9
88 silly gentlyRm deletion target /Users/preslavrachev/.nvm/versions/node/v0.12.9/bin/ionic is under /Users/preslavrachev/.nvm/versions/node/v0.12.9
89 verbose gentlyRm vacuuming from /Users/preslavrachev/.nvm/versions/node/v0.12.9/bin/ionic up to /Users/preslavrachev/.nvm/versions/node/v0.12.9
90 info postuninstall ionic@1.7.14
91 silly gentlyRm /Users/preslavrachev/.nvm/versions/node/v0.12.9/lib/node_modules/ionic is being purged from base /Users/preslavrachev/.nvm/versions/node/v0.12.9
92 verbose gentlyRm don't care about contents; nuking /Users/preslavrachev/.nvm/versions/node/v0.12.9/lib/node_modules/ionic
93 silly vacuum-fs purging /Users/preslavrachev/.nvm/versions/node/v0.12.9/lib/node_modules/ionic
94 error error rolling back Error: EACCES, unlink '/Users/preslavrachev/.nvm/versions/node/v0.12.9/lib/node_modules/ionic/.gitattributes'
94 error error rolling back     at Error (native)
94 error error rolling back  { [Error: EACCES, unlink '/Users/preslavrachev/.nvm/versions/node/v0.12.9/lib/node_modules/ionic/.gitattributes']
94 error error rolling back   errno: -13,
94 error error rolling back   code: 'EACCES',
94 error error rolling back   path: '/Users/preslavrachev/.nvm/versions/node/v0.12.9/lib/node_modules/ionic/.gitattributes' }
